<?xml version="1.0" encoding="UTF-8"?>
<testng-results skipped="0" failed="0" total="1" passed="1">
  <reporter-output>
  </reporter-output>
  <suite name="Comments.posts.cases.Test_IT" duration-ms="2982" started-at="2020-01-01T16:34:02Z" finished-at="2020-01-01T16:34:05Z">
    <groups>
    </groups>
    <test name="Command line test" duration-ms="2982" started-at="2020-01-01T16:34:02Z" finished-at="2020-01-01T16:34:05Z">
      <class name="Comments.posts.cases.Test_IT">
        <test-method status="PASS" signature="excecuteRequest()[pri:0, instance:Comments.posts.cases.Test_IT@6442b0a6]" name="excecuteRequest" is-config="true" duration-ms="2973" started-at="2020-01-01T22:04:02Z" finished-at="2020-01-01T22:04:05Z">
          <reporter-output>
          </reporter-output>
        </test-method> <!-- excecuteRequest -->
        <test-method status="PASS" signature="test()[pri:0, instance:Comments.posts.cases.Test_IT@6442b0a6]" name="test" duration-ms="2" started-at="2020-01-01T22:04:05Z" finished-at="2020-01-01T22:04:05Z">
          <reporter-output>
          </reporter-output>
        </test-method> <!-- test -->
      </class> <!-- Comments.posts.cases.Test_IT -->
    </test> <!-- Command line test -->
  </suite> <!-- Comments.posts.cases.Test_IT -->
</testng-results>
