<?xml version="1.0" encoding="UTF-8"?>
<testng-results skipped="0" failed="0" total="1" passed="1">
  <reporter-output>
  </reporter-output>
  <suite name="Default suite" duration-ms="2999" started-at="2020-01-01T17:47:10Z" finished-at="2020-01-01T17:47:13Z">
    <groups>
    </groups>
    <test name="Default test" duration-ms="2999" started-at="2020-01-01T17:47:10Z" finished-at="2020-01-01T17:47:13Z">
      <class name="Comments.posts.cases.Test_IT">
        <test-method status="PASS" signature="excecuteRequest()[pri:0, instance:Comments.posts.cases.Test_IT@457e2f02]" name="excecuteRequest" is-config="true" duration-ms="2982" started-at="2020-01-01T23:17:10Z" finished-at="2020-01-01T23:17:13Z">
          <reporter-output>
          </reporter-output>
        </test-method> <!-- excecuteRequest -->
        <test-method status="PASS" signature="test()[pri:0, instance:Comments.posts.cases.Test_IT@457e2f02]" name="test" duration-ms="5" started-at="2020-01-01T23:17:13Z" finished-at="2020-01-01T23:17:13Z">
          <reporter-output>
          </reporter-output>
        </test-method> <!-- test -->
      </class> <!-- Comments.posts.cases.Test_IT -->
    </test> <!-- Default test -->
  </suite> <!-- Default suite -->
</testng-results>
